<?xml version="1.0" encoding="UTF-8"?>
<!-- Generated by org.testng.reporters.JUnitReportReporter -->
<testsuite hostname="NP" failures="0" tests="2" name="com.bankingproject.loginpage.LoginPageTest" time="0.020" errors="0" timestamp="2023-01-21T14:08:43 IST" skipped="0">
  <testcase classname="com.bankingproject.loginpage.LoginPageTest" name="testURL" time="0.010"/>
  <system-out/>
  <testcase classname="com.bankingproject.loginpage.LoginPageTest" name="testTitle" time="0.010"/>
  <system-out/>
</testsuite> <!-- com.bankingproject.loginpage.LoginPageTest -->
